<?xml version="1.0" encoding="UTF-8"?>
<testng-results skipped="0" failed="0" total="1" passed="1">
  <reporter-output>
  </reporter-output>
  <suite name="example.NewTest" duration-ms="15950" started-at="2016-04-07T07:59:50Z" finished-at="2016-04-07T08:00:06Z">
    <groups>
    </groups>
    <test name="Command line test" duration-ms="15950" started-at="2016-04-07T07:59:50Z" finished-at="2016-04-07T08:00:06Z">
      <class name="example.NewTest">
        <test-method status="PASS" signature="setUp()[pri:0, instance:example.NewTest@5f2050f6]" name="setUp" is-config="true" duration-ms="7956" started-at="2016-04-07T10:59:50Z" finished-at="2016-04-07T10:59:58Z">
          <reporter-output>
          </reporter-output>
        </test-method> <!-- setUp -->
        <test-method status="PASS" signature="test123()[pri:0, instance:example.NewTest@5f2050f6]" name="test123" duration-ms="7524" started-at="2016-04-07T10:59:58Z" finished-at="2016-04-07T11:00:05Z">
          <reporter-output>
          </reporter-output>
        </test-method> <!-- test123 -->
        <test-method status="PASS" signature="tearDown()[pri:0, instance:example.NewTest@5f2050f6]" name="tearDown" is-config="true" duration-ms="428" started-at="2016-04-07T11:00:05Z" finished-at="2016-04-07T11:00:06Z">
          <reporter-output>
          </reporter-output>
        </test-method> <!-- tearDown -->
      </class> <!-- example.NewTest -->
    </test> <!-- Command line test -->
  </suite> <!-- example.NewTest -->
</testng-results>
