<?xml version="1.0" encoding="UTF-8"?>
<testng-results skipped="0" failed="0" total="1" passed="1">
  <reporter-output>
  </reporter-output>
  <suite name="Suite" duration-ms="14143" started-at="2016-04-07T07:59:01Z" finished-at="2016-04-07T07:59:15Z">
    <groups>
    </groups>
    <test name="Test" duration-ms="14143" started-at="2016-04-07T07:59:01Z" finished-at="2016-04-07T07:59:15Z">
      <class name="example.NewTest">
        <test-method status="PASS" signature="setUp()[pri:0, instance:example.NewTest@1b0375b3]" name="setUp" is-config="true" duration-ms="8203" started-at="2016-04-07T10:59:01Z" finished-at="2016-04-07T10:59:09Z">
          <reporter-output>
          </reporter-output>
        </test-method> <!-- setUp -->
        <test-method status="PASS" signature="test123()[pri:0, instance:example.NewTest@1b0375b3]" name="test123" duration-ms="5243" started-at="2016-04-07T10:59:09Z" finished-at="2016-04-07T10:59:14Z">
          <reporter-output>
          </reporter-output>
        </test-method> <!-- test123 -->
        <test-method status="PASS" signature="tearDown()[pri:0, instance:example.NewTest@1b0375b3]" name="tearDown" is-config="true" duration-ms="670" started-at="2016-04-07T10:59:14Z" finished-at="2016-04-07T10:59:15Z">
          <reporter-output>
          </reporter-output>
        </test-method> <!-- tearDown -->
      </class> <!-- example.NewTest -->
    </test> <!-- Test -->
  </suite> <!-- Suite -->
</testng-results>
